[2024-05-11T03:25:33.492+0000] {local_task_job_runner.py:120} INFO - ::group::Pre task execution logs
[2024-05-11T03:25:33.506+0000] {taskinstance.py:2076} INFO - Dependencies all met for dep_context=non-requeueable deps ti=<TaskInstance: user_processing.extract_user manual__2024-05-11T03:25:28.914838+00:00 [queued]>
[2024-05-11T03:25:33.513+0000] {taskinstance.py:2076} INFO - Dependencies all met for dep_context=requeueable deps ti=<TaskInstance: user_processing.extract_user manual__2024-05-11T03:25:28.914838+00:00 [queued]>
[2024-05-11T03:25:33.513+0000] {taskinstance.py:2306} INFO - Starting attempt 1 of 1
[2024-05-11T03:25:33.523+0000] {taskinstance.py:2330} INFO - Executing <Task(SimpleHttpOperator): extract_user> on 2024-05-11 03:25:28.914838+00:00
[2024-05-11T03:25:33.527+0000] {warnings.py:110} WARNING - /home/***/.local/lib/python3.12/site-packages/***/task/task_runner/standard_task_runner.py:61: DeprecationWarning: This process (pid=317) is multi-threaded, use of fork() may lead to deadlocks in the child.
  pid = os.fork()

[2024-05-11T03:25:33.528+0000] {standard_task_runner.py:63} INFO - Started process 319 to run task
[2024-05-11T03:25:33.528+0000] {standard_task_runner.py:90} INFO - Running: ['***', 'tasks', 'run', 'user_processing', 'extract_user', 'manual__2024-05-11T03:25:28.914838+00:00', '--job-id', '47', '--raw', '--subdir', 'DAGS_FOLDER/user_processing.py', '--cfg-path', '/tmp/tmpscpwb2v4']
[2024-05-11T03:25:33.530+0000] {standard_task_runner.py:91} INFO - Job 47: Subtask extract_user
[2024-05-11T03:25:33.561+0000] {task_command.py:426} INFO - Running <TaskInstance: user_processing.extract_user manual__2024-05-11T03:25:28.914838+00:00 [running]> on host cfc7b97c1618
[2024-05-11T03:25:33.623+0000] {taskinstance.py:2648} INFO - Exporting env vars: AIRFLOW_CTX_DAG_OWNER='***' AIRFLOW_CTX_DAG_ID='user_processing' AIRFLOW_CTX_TASK_ID='extract_user' AIRFLOW_CTX_EXECUTION_DATE='2024-05-11T03:25:28.914838+00:00' AIRFLOW_CTX_TRY_NUMBER='1' AIRFLOW_CTX_DAG_RUN_ID='manual__2024-05-11T03:25:28.914838+00:00'
[2024-05-11T03:25:33.624+0000] {taskinstance.py:430} INFO - ::endgroup::
[2024-05-11T03:25:33.632+0000] {http.py:169} INFO - Calling HTTP method
[2024-05-11T03:25:33.638+0000] {base.py:84} INFO - Using connection ID 'user_api' for task execution.
[2024-05-11T03:25:33.643+0000] {base.py:84} INFO - Using connection ID 'user_api' for task execution.
[2024-05-11T03:25:33.848+0000] {http.py:208} INFO - {"results":[{"gender":"male","name":{"title":"Monsieur","first":"Stéphane","last":"Schmitt"},"location":{"street":{"number":1540,"name":"Avenue Paul Eluard"},"city":"Bürchen","state":"Basel-Landschaft","country":"Switzerland","postcode":2484,"coordinates":{"latitude":"-63.2994","longitude":"-118.0600"},"timezone":{"offset":"+3:00","description":"Baghdad, Riyadh, Moscow, St. Petersburg"}},"email":"stephane.schmitt@example.com","login":{"uuid":"ef82122c-e7d9-4806-95fc-1b3a2b0d80a3","username":"yellowrabbit168","password":"female","salt":"3C1LGcA1","md5":"bc37b13efa60cbe2a82f365fc5965e70","sha1":"38cbd35973e68be542ac9804223b6745c225de78","sha256":"0e6895338fe0d285298b6933ce7343c8b5981696e40054f5e0ac5de1caf340d6"},"dob":{"date":"1984-01-16T17:26:03.501Z","age":40},"registered":{"date":"2006-06-20T13:28:04.782Z","age":17},"phone":"078 085 06 27","cell":"078 669 53 73","id":{"name":"AVS","value":"756.6966.8044.58"},"picture":{"large":"https://randomuser.me/api/portraits/men/62.jpg","medium":"https://randomuser.me/api/portraits/med/men/62.jpg","thumbnail":"https://randomuser.me/api/portraits/thumb/men/62.jpg"},"nat":"CH"}],"info":{"seed":"08b719d159f1ad71","results":1,"page":1,"version":"1.4"}}
[2024-05-11T03:25:33.850+0000] {taskinstance.py:441} INFO - ::group::Post task execution logs
[2024-05-11T03:25:33.867+0000] {taskinstance.py:1206} INFO - Marking task as SUCCESS. dag_id=user_processing, task_id=extract_user, run_id=manual__2024-05-11T03:25:28.914838+00:00, execution_date=20240511T032528, start_date=20240511T032533, end_date=20240511T032533
[2024-05-11T03:25:33.902+0000] {local_task_job_runner.py:240} INFO - Task exited with return code 0
[2024-05-11T03:25:33.909+0000] {warnings.py:110} WARNING - /home/***/.local/lib/python3.12/site-packages/***/models/baseoperator.py:1296: AirflowProviderDeprecationWarning: Call to deprecated class SimpleHttpOperator. (Class `SimpleHttpOperator` is deprecated and will be removed in a future release. Please use `HttpOperator` instead.)
  result = cls.__new__(cls)

[2024-05-11T03:25:33.922+0000] {taskinstance.py:3498} INFO - 1 downstream tasks scheduled from follow-on schedule check
[2024-05-11T03:25:33.924+0000] {local_task_job_runner.py:222} INFO - ::endgroup::
