[2024-05-11T03:25:30.943+0000] {local_task_job_runner.py:120} INFO - ::group::Pre task execution logs
[2024-05-11T03:25:31.091+0000] {taskinstance.py:2076} INFO - Dependencies all met for dep_context=non-requeueable deps ti=<TaskInstance: user_processing.create_table manual__2024-05-11T03:25:28.914838+00:00 [queued]>
[2024-05-11T03:25:31.097+0000] {taskinstance.py:2076} INFO - Dependencies all met for dep_context=requeueable deps ti=<TaskInstance: user_processing.create_table manual__2024-05-11T03:25:28.914838+00:00 [queued]>
[2024-05-11T03:25:31.098+0000] {taskinstance.py:2306} INFO - Starting attempt 1 of 1
[2024-05-11T03:25:31.108+0000] {taskinstance.py:2330} INFO - Executing <Task(PostgresOperator): create_table> on 2024-05-11 03:25:28.914838+00:00
[2024-05-11T03:25:31.114+0000] {warnings.py:110} WARNING - /home/***/.local/lib/python3.12/site-packages/***/task/task_runner/standard_task_runner.py:61: DeprecationWarning: This process (pid=311) is multi-threaded, use of fork() may lead to deadlocks in the child.
  pid = os.fork()

[2024-05-11T03:25:31.116+0000] {standard_task_runner.py:63} INFO - Started process 313 to run task
[2024-05-11T03:25:31.116+0000] {standard_task_runner.py:90} INFO - Running: ['***', 'tasks', 'run', 'user_processing', 'create_table', 'manual__2024-05-11T03:25:28.914838+00:00', '--job-id', '45', '--raw', '--subdir', 'DAGS_FOLDER/user_processing.py', '--cfg-path', '/tmp/tmpbd59gdyk']
[2024-05-11T03:25:31.118+0000] {standard_task_runner.py:91} INFO - Job 45: Subtask create_table
[2024-05-11T03:25:31.156+0000] {task_command.py:426} INFO - Running <TaskInstance: user_processing.create_table manual__2024-05-11T03:25:28.914838+00:00 [running]> on host cfc7b97c1618
[2024-05-11T03:25:31.223+0000] {taskinstance.py:2648} INFO - Exporting env vars: AIRFLOW_CTX_DAG_OWNER='***' AIRFLOW_CTX_DAG_ID='user_processing' AIRFLOW_CTX_TASK_ID='create_table' AIRFLOW_CTX_EXECUTION_DATE='2024-05-11T03:25:28.914838+00:00' AIRFLOW_CTX_TRY_NUMBER='1' AIRFLOW_CTX_DAG_RUN_ID='manual__2024-05-11T03:25:28.914838+00:00'
[2024-05-11T03:25:31.224+0000] {taskinstance.py:430} INFO - ::endgroup::
[2024-05-11T03:25:31.243+0000] {sql.py:276} INFO - Executing: 
            CREATE TABLE IF NOT EXISTS users (
                firstname TEXT NOT NULL,
                lastname TEXT NOT NULL,
                country TEXT NOT NULL,
                username TEXT NOT NULL,
                password TEXT NOT NULL,
                email TEXT NOT NULL
            );
        
[2024-05-11T03:25:31.250+0000] {base.py:84} INFO - Using connection ID 'postgres' for task execution.
[2024-05-11T03:25:31.255+0000] {base.py:84} INFO - Using connection ID 'postgres' for task execution.
[2024-05-11T03:25:31.258+0000] {sql.py:470} INFO - Running statement: 
            CREATE TABLE IF NOT EXISTS users (
                firstname TEXT NOT NULL,
                lastname TEXT NOT NULL,
                country TEXT NOT NULL,
                username TEXT NOT NULL,
                password TEXT NOT NULL,
                email TEXT NOT NULL
            );
        , parameters: None
[2024-05-11T03:25:31.259+0000] {taskinstance.py:441} INFO - ::group::Post task execution logs
[2024-05-11T03:25:31.265+0000] {taskinstance.py:1206} INFO - Marking task as SUCCESS. dag_id=user_processing, task_id=create_table, run_id=manual__2024-05-11T03:25:28.914838+00:00, execution_date=20240511T032528, start_date=20240511T032531, end_date=20240511T032531
[2024-05-11T03:25:31.290+0000] {local_task_job_runner.py:240} INFO - Task exited with return code 0
[2024-05-11T03:25:31.297+0000] {warnings.py:110} WARNING - /home/***/.local/lib/python3.12/site-packages/***/models/baseoperator.py:1296: AirflowProviderDeprecationWarning: Call to deprecated class SimpleHttpOperator. (Class `SimpleHttpOperator` is deprecated and will be removed in a future release. Please use `HttpOperator` instead.)
  result = cls.__new__(cls)

[2024-05-11T03:25:31.298+0000] {warnings.py:110} WARNING - /home/***/.local/lib/python3.12/site-packages/***/models/baseoperator.py:1296: AirflowProviderDeprecationWarning: Call to deprecated class PostgresOperator. (Please use `***.providers.common.sql.operators.sql.SQLExecuteQueryOperator`.Also, you can provide `hook_params={'schema': <database>}`.)
  result = cls.__new__(cls)

[2024-05-11T03:25:31.309+0000] {taskinstance.py:3498} INFO - 1 downstream tasks scheduled from follow-on schedule check
[2024-05-11T03:25:31.311+0000] {local_task_job_runner.py:222} INFO - ::endgroup::
