[2024-05-11T03:25:32.409+0000] {local_task_job_runner.py:120} INFO - ::group::Pre task execution logs
[2024-05-11T03:25:32.420+0000] {taskinstance.py:2076} INFO - Dependencies all met for dep_context=non-requeueable deps ti=<TaskInstance: user_processing.is_api_available manual__2024-05-11T03:25:28.914838+00:00 [queued]>
[2024-05-11T03:25:32.426+0000] {taskinstance.py:2076} INFO - Dependencies all met for dep_context=requeueable deps ti=<TaskInstance: user_processing.is_api_available manual__2024-05-11T03:25:28.914838+00:00 [queued]>
[2024-05-11T03:25:32.427+0000] {taskinstance.py:2306} INFO - Starting attempt 1 of 1
[2024-05-11T03:25:32.436+0000] {taskinstance.py:2330} INFO - Executing <Task(HttpSensor): is_api_available> on 2024-05-11 03:25:28.914838+00:00
[2024-05-11T03:25:32.441+0000] {warnings.py:110} WARNING - /home/***/.local/lib/python3.12/site-packages/***/task/task_runner/standard_task_runner.py:61: DeprecationWarning: This process (pid=314) is multi-threaded, use of fork() may lead to deadlocks in the child.
  pid = os.fork()

[2024-05-11T03:25:32.442+0000] {standard_task_runner.py:63} INFO - Started process 316 to run task
[2024-05-11T03:25:32.442+0000] {standard_task_runner.py:90} INFO - Running: ['***', 'tasks', 'run', 'user_processing', 'is_api_available', 'manual__2024-05-11T03:25:28.914838+00:00', '--job-id', '46', '--raw', '--subdir', 'DAGS_FOLDER/user_processing.py', '--cfg-path', '/tmp/tmpp02ji_f3']
[2024-05-11T03:25:32.443+0000] {standard_task_runner.py:91} INFO - Job 46: Subtask is_api_available
[2024-05-11T03:25:32.473+0000] {task_command.py:426} INFO - Running <TaskInstance: user_processing.is_api_available manual__2024-05-11T03:25:28.914838+00:00 [running]> on host cfc7b97c1618
[2024-05-11T03:25:32.536+0000] {taskinstance.py:2648} INFO - Exporting env vars: AIRFLOW_CTX_DAG_OWNER='***' AIRFLOW_CTX_DAG_ID='user_processing' AIRFLOW_CTX_TASK_ID='is_api_available' AIRFLOW_CTX_EXECUTION_DATE='2024-05-11T03:25:28.914838+00:00' AIRFLOW_CTX_TRY_NUMBER='1' AIRFLOW_CTX_DAG_RUN_ID='manual__2024-05-11T03:25:28.914838+00:00'
[2024-05-11T03:25:32.537+0000] {taskinstance.py:430} INFO - ::endgroup::
[2024-05-11T03:25:32.545+0000] {baseoperator.py:399} WARNING - HttpSensor.execute cannot be called outside TaskInstance!
[2024-05-11T03:25:32.545+0000] {http.py:137} INFO - Poking: api/
[2024-05-11T03:25:32.552+0000] {base.py:84} INFO - Using connection ID 'user_api' for task execution.
[2024-05-11T03:25:32.771+0000] {base.py:294} INFO - Success criteria met. Exiting.
[2024-05-11T03:25:32.772+0000] {taskinstance.py:441} INFO - ::group::Post task execution logs
[2024-05-11T03:25:32.778+0000] {taskinstance.py:1206} INFO - Marking task as SUCCESS. dag_id=user_processing, task_id=is_api_available, run_id=manual__2024-05-11T03:25:28.914838+00:00, execution_date=20240511T032528, start_date=20240511T032532, end_date=20240511T032532
[2024-05-11T03:25:32.816+0000] {local_task_job_runner.py:240} INFO - Task exited with return code 0
[2024-05-11T03:25:32.823+0000] {warnings.py:110} WARNING - /home/***/.local/lib/python3.12/site-packages/***/models/baseoperator.py:1296: AirflowProviderDeprecationWarning: Call to deprecated class SimpleHttpOperator. (Class `SimpleHttpOperator` is deprecated and will be removed in a future release. Please use `HttpOperator` instead.)
  result = cls.__new__(cls)

[2024-05-11T03:25:32.836+0000] {taskinstance.py:3498} INFO - 0 downstream tasks scheduled from follow-on schedule check
[2024-05-11T03:25:32.838+0000] {local_task_job_runner.py:222} INFO - ::endgroup::
